C51 COMPILER V9.59.0.0   CAL                                                               11/27/2018 18:07:46 PAGE 1   


C51 COMPILER V9.59.0.0, COMPILATION OF MODULE CAL
OBJECT MODULE PLACED IN .\Objects\cal.obj
COMPILER INVOKED BY: C:\Keil_v5\C51\BIN\C51.EXE cal.c OPTIMIZE(8,SPEED) BROWSE DEBUG OBJECTEXTEND PRINT(.\Listings\cal.l
                    -st) TABS(2) OBJECT(.\Objects\cal.obj)

line level    source

   1          /***********************************************************************
   2          Name     : Maurya Sujeet
   3          Roll no. : 17BCS016
   4          Project  : Calculator using LED and keypad
   5          Date     : 03/10/2018
   6          ***********************************************************************/
   7          #include<reg51.h> // Include register definitions for the Intel 8051
   8          
   9          sbit RowA=P2^0;   //to access pin 0 of port 2
  10          sbit RowB=P2^1;   //to access pin 1 of port 2
  11          sbit RowC=P2^2;   //to access pin 2 of port 2
  12          sbit RowD=P2^3;   //to access pin 3 of port 2
  13          sbit C1=P2^4;     //to access pin 4 of port 2
  14          sbit C2=P2^5;     //to access pin 5 of port 2
  15          sbit C3=P2^6;     //to access pin 6 of port 2 
  16          sbit C4=P2^7;     //to access pin 7 of port 2
  17          
  18          int x1=0,x2=0,count=0,q;      //declare global variable and assign value if needed
  19          
  20          /*delay function
  21          * to give time delay between different fucntion or process*/
  22          
  23          void delay() 
  24          {
  25   1        int i,j;
  26   1        for(i=0;i<100;i++)
  27   1          for(j=0;j<100;j++);
  28   1      }
  29          /*  display function
  30          *   To display the content taken as input from keypad
  31          *   To display the final answer */
  32          
  33          void display(int y)
  34          { 
  35   1        if(count == 0)          // count=0 so that value wil be stored in first variable
  36   1        { 
  37   2          x1=y;                 //assing the input(value) taken from keypad to first variable
  38   2          P1 = x1;              //to display value of first variable
  39   2          count ++;             //increase the counter so that value passed from keypad will be stored in second variabl
             -e
  40   2        }
  41   1        else if(count == 1)     // count=1 so that value wil be stored in second variable
  42   1        {       
  43   2          x2 = y;               //assing the input(value) taken from keypad to second variable
  44   2          P1 = x2;              //to display the value of second variable
  45   2          count++;              //increase the counter so that value passed from keypad will be stored in third variable
  46   2        }
  47   1        else if (count == 2)    // count = 2 so that value will be stored in third variable
  48   1        {
  49   2         int msb = 0;           //declare msb variable and assing it to 0.
  50   2         if(y < 0)              //check if the value passed is negative
  51   2           y *= (-1);           //if it is negative make it positive by multiplying (-1)
  52   2         msb = y/10;            //to get msb of the digit
  53   2         msb = msb<<4;          //shift the msb digit to higher 4 bits
C51 COMPILER V9.59.0.0   CAL                                                               11/27/2018 18:07:46 PAGE 2   

  54   2         y %= 10;               //to get lsb of the digit
  55   2         y += msb;              //add the lsb(lower 4 bits) and msb which contains higher 4 bits
  56   2         P1=y;                  //display it on the led
  57   2         count = 0;             //set the counter to 0 so that we can take next input in variable 1 and so on.
  58   2          
  59   2        } 
  60   1      }
  61          /*Function to do arithmetic operation */
  62          void result()
  63          {
  64   1        int s;
  65   1        if(q==1)            //if value of q is  1 then perform division 
  66   1        { s = x1/x2;
  67   2          display(s);       //pass the calculated value to display function for displaying
  68   2        }
  69   1        else if(q==4)       //if value of 1 is 4 the perform addition
  70   1        { s = x1+x2;
  71   2          display(s);       //pass the calculated value to display function to display
  72   2        }
  73   1        else if(q==3)       //if value of q is 3 then perform subtraction
  74   1        { s = x1-x2;
  75   2          display(s);       //pass the calculated value to display function
  76   2        }
  77   1        else if(q==2)       //if value of q is 2 then perform multiplication
  78   1        { s = x1*x2;
  79   2          display(s);       //pass the calculated value to display function
  80   2        }
  81   1      }
  82          
  83          
  84          void main()
  85          {
  86   1          P1=0x00;          //initialize the port 1 for output
  87   1      while(1)
  88   1      {
  89   2        /* making row and column to zero means setting them low*/
  90   2        
  91   2        RowA = 0; RowB = 1; RowC = 1; RowD = 1;   //Test Row A
  92   2       
  93   2        if (C1 == 0) { delay(); while (C1==0); display(7); }    //if column 1 is 0 and rowa is 0 then 7 will be pas
             -sed to display function
  94   2        if (C2 == 0) { delay(); while (C2==0); display(8); }    //if column 2 is 0 and rowa is 0 then 8 will be pas
             -sed to display function
  95   2        if (C3 == 0) { delay(); while (C3==0); display(9); }    //if column 3 is 0 and rowa is 0 then 9 will be pas
             -sed to display function
  96   2        if (C4 == 0) { delay(); while (C4==0); q=1; }           //if column 4 is 0 and rowa is 0 then q value will be 
             -set as 1 (/ button) 
  97   2       
  98   2        RowA = 1; RowB = 0; RowC = 1; RowD = 1;   //Test Row B
  99   2       
 100   2        if (C1 == 0) { delay(); while (C1==0); display(4); }    //if column 1 is 0 and rowb is 0 then 4 will be pas
             -sed to display function
 101   2        if (C2 == 0) { delay(); while (C2==0); display(5); }    //if column 2 is 0 and rowb is 0 then 5 will be pas
             -sed to display function
 102   2        if (C3 == 0) { delay(); while (C3==0); display(6); }    //if column 3 is 0 and rowb is 0 then 6 will be pas
             -sed to display function
 103   2        if (C4 == 0) { delay(); while (C4==0); q=2; }           //if column 4 is 0 and rowb is 0 then q value will be 
             -set as 2 (* button)
 104   2        
 105   2        RowA = 1; RowB = 1; RowC = 0; RowD = 1;   //Test Row C
 106   2       
 107   2        if (C1 == 0) { delay(); while (C1==0); display(1); }    //if column 1 is 0 and rowc is 0 then 1 will be pas
C51 COMPILER V9.59.0.0   CAL                                                               11/27/2018 18:07:46 PAGE 3   

             -sed to display function
 108   2        if (C2 == 0) { delay(); while (C2==0); display(2); }    //if column 2 is 0 and rowc is 0 then 2 will be pas
             -sed to display function
 109   2        if (C3 == 0) { delay(); while (C3==0); display(3); }    //if column 3 is 0 and rowc is 0 then 3 will be pas
             -sed to display function
 110   2        if (C4 == 0) { delay(); while (C4==0); q=3; }           //if column 4 is 0 and rowc is 0 then q will be set as
             - 3 (- button)
 111   2        
 112   2        RowA = 1; RowB = 1; RowC = 1; RowD = 0;   //Test Row D
 113   2       
 114   2        if (C1 == 0) { delay(); while (C1==0); display(0);x1=0;x2=0;count=0; }  //to reset the value of all varia
             -ble
 115   2        if (C2 == 0) { delay(); while (C2==0); display(0); }                    //if column 2 is 0 and rowd is 0 then 0 wil
             -l be passed to display function
 116   2        if (C3 == 0) { delay(); while (C3==0); result(); }                      //to perform calculation (= button)
 117   2        if (C4 == 0) { delay(); while (C4==0); q=4; }                           //if column 4 is 0 and rowd is 0 then q will b
             -e set as 4 (+ button)
 118   2       
 119   2        }
 120   1      }


MODULE INFORMATION:   STATIC OVERLAYABLE
   CODE SIZE        =    566    ----
   CONSTANT SIZE    =   ----    ----
   XDATA SIZE       =   ----    ----
   PDATA SIZE       =   ----    ----
   DATA SIZE        =      8       2
   IDATA SIZE       =   ----    ----
   BIT SIZE         =   ----    ----
END OF MODULE INFORMATION.


C51 COMPILATION COMPLETE.  0 WARNING(S),  0 ERROR(S)
