C51 COMPILER V9.59.0.0   BINARYCOUNTER                                                     09/11/2018 21:49:10 PAGE 1   


C51 COMPILER V9.59.0.0, COMPILATION OF MODULE BINARYCOUNTER
OBJECT MODULE PLACED IN .\Objects\binarycounter.obj
COMPILER INVOKED BY: C:\Keil_v5\C51\BIN\C51.EXE binarycounter.c OPTIMIZE(8,SPEED) BROWSE DEBUG OBJECTEXTEND PRINT(.\List
                    -ings\binarycounter.lst) TABS(2) OBJECT(.\Objects\binarycounter.obj)

line level    source

   1          
   2          #include<reg51.h>
   3          void delay()
   4          {
   5   1        unsigned int i,j;
   6   1        for(i=0;i<10;i++)
   7   1          for(j=0;j<10000;j++);
   8   1          
   9   1      }
  10          
  11          void main()
  12          {
  13   1        while(1)
  14   1        { 
  15   2          unsigned int i;
  16   2          for(i=0;i<15;i++)
  17   2          {
  18   3            P1=i;
  19   3            delay();
  20   3          }
  21   2        
  22   2        }
  23   1      }


MODULE INFORMATION:   STATIC OVERLAYABLE
   CODE SIZE        =     59    ----
   CONSTANT SIZE    =   ----    ----
   XDATA SIZE       =   ----    ----
   PDATA SIZE       =   ----    ----
   DATA SIZE        =   ----       2
   IDATA SIZE       =   ----    ----
   BIT SIZE         =   ----    ----
END OF MODULE INFORMATION.


C51 COMPILATION COMPLETE.  0 WARNING(S),  0 ERROR(S)
