C51 COMPILER V9.59.0.0   BLINKLED                                                          09/11/2018 20:06:08 PAGE 1   


C51 COMPILER V9.59.0.0, COMPILATION OF MODULE BLINKLED
OBJECT MODULE PLACED IN .\Objects\blinkLED.obj
COMPILER INVOKED BY: C:\Keil_v5\C51\BIN\C51.EXE blinkLED.c OPTIMIZE(8,SPEED) BROWSE DEBUG OBJECTEXTEND PRINT(.\Listings\
                    -blinkLED.lst) TABS(2) OBJECT(.\Objects\blinkLED.obj)

line level    source

   1          #include <reg51.h>
   2          
   3          void DELAY_ms(unsigned int ms_Count)
   4          {
   5   1          unsigned int i,j;
   6   1          for(i=0;i<ms_Count;i++)
   7   1          {
   8   2              for(j=0;j<100;j++);
   9   2          }
  10   1      }
  11          int main() 
  12          {
  13   1          while(1)
  14   1          {
  15   2              P2 = 0xff; /* Turn ON all the leds connected to P2 */
  16   2              DELAY_ms(20);
  17   2              
  18   2              P2 = 0x00; /* Turn OFF all the leds connected to P2 */
  19   2              DELAY_ms(100);
  20   2          }
  21   1          return (0);
  22   1      }
*** WARNING C294 IN LINE 21 OF blinkLED.c: unreachable code


MODULE INFORMATION:   STATIC OVERLAYABLE
   CODE SIZE        =     52    ----
   CONSTANT SIZE    =   ----    ----
   XDATA SIZE       =   ----    ----
   PDATA SIZE       =   ----    ----
   DATA SIZE        =   ----    ----
   IDATA SIZE       =   ----    ----
   BIT SIZE         =   ----    ----
END OF MODULE INFORMATION.


C51 COMPILATION COMPLETE.  1 WARNING(S),  0 ERROR(S)
