C51 COMPILER V9.59.0.0   TRAFFIC_SIGNAL                                                    11/27/2018 19:58:34 PAGE 1   


C51 COMPILER V9.59.0.0, COMPILATION OF MODULE TRAFFIC_SIGNAL
OBJECT MODULE PLACED IN .\Objects\Traffic signal.obj
COMPILER INVOKED BY: C:\Keil_v5\C51\BIN\C51.EXE Traffic signal.c OPTIMIZE(8,SPEED) BROWSE DEBUG OBJECTEXTEND PRINT(.\Lis
                    -tings\Traffic signal.lst) TABS(2) OBJECT(.\Objects\Traffic signal.obj)

line level    source

   1          /*********************************************************************************************
   2          Name     : Maurya Sujeet
   3          Roll no. : 17BCS016
   4          Project  : Traffic signal 
   5          Date     : 12/09/2018
   6          **********************************************************************************************/
   7          #include<reg51.h> // Include register definitions for the Intel 8051
   8          /*connect the pins on hardware as per below's pin assingment 
   9          * connect red leds to port 1's 0,3,6 pin and port 2's 1
  10          * connect green leds to port 1's 2,5 pin and port 2's 0,3
  11          * connect yellow leds to port  2's 1,4,7* and port 2's 2*/
  12          sbit R1=P1^0; 
  13          sbit Y1=P1^1; 
  14          sbit G1=P1^2; 
  15          sbit R2=P1^3; 
  16          sbit Y2=P1^4; 
  17          sbit G2=P1^5; 
  18          sbit R3=P1^6; 
  19          sbit Y3=P1^7; 
  20          sbit G3=P2^0; 
  21          sbit R4=P2^1; 
  22          sbit Y4=P2^2; 
  23          sbit G4=P2^3; 
  24          
  25          /*Delay function*/
  26          
  27          void delay() 
  28          { 
  29   1        int i,j;  
  30   1        for(i=0;i<300;i++) 
  31   1        for(j=0;j<1000;j++); 
  32   1      } 
  33          
  34          /*clear function to reset all the values*/
  35          void clear() 
  36          { 
  37   1        R1=0; R2=0; R3=0; R4=0; 
  38   1        Y1=0; Y2=0; Y3=0; Y4=0; 
  39   1        G1=0; G2=0; G3=0; G4=0; 
  40   1      }  
  41          
  42          /*In this phase ,1'st traffic light will have green light on 
  43          * traffic light 2,3 and 4 will be red
  44          * traffic light 2 will be in ready position after certain delay*/
  45          void phase1() 
  46          { 
  47   1        R3=1; 
  48   1        R2=1; 
  49   1        G1=1; 
  50   1        R4=1; 
  51   1        delay(); 
  52   1        Y2=1; 
  53   1        delay(); 
  54   1      } 
C51 COMPILER V9.59.0.0   TRAFFIC_SIGNAL                                                    11/27/2018 19:58:34 PAGE 2   

  55          /*In this phase ,2'nd traffic light will have green light on 
  56          * traffic light 1,3 and 4 will be red
  57          * traffic light 3 will be in ready position after certain delay*/
  58          void phase2() 
  59          { 
  60   1        G2=1; R1=1; R3=1; R4=1; 
  61   1        delay(); 
  62   1        Y3=1; 
  63   1        delay();  
  64   1      } 
  65          /*In this phase ,3rd traffic light will have green light on 
  66          * traffic light 1,2 and 4 will be red
  67          * traffic light 4 will be in ready position after certain delay*/
  68          void phase3() 
  69          { 
  70   1      R1=1; G3=1; R2=1; R4=1; 
  71   1        delay(); 
  72   1        Y4=1; 
  73   1        delay();  
  74   1      } 
  75          /*In this phase 4 traffic light will have green light on 
  76          * traffic light 2,3 and 1 will be red
  77          * traffic light 1 will be in ready position after certain delay*/
  78          void phase4() 
  79          { 
  80   1        R1=1; G4=1; R3=1; R2=1; 
  81   1        delay(); 
  82   1        Y1=1; 
  83   1        delay(); 
  84   1      } 
  85          
  86          void main() 
  87          {
  88   1        /*intilising port 1 and port 2 for output*/ 
  89   1        P1=0x00;
  90   1        P2=0x00;
  91   1        while(1)    //infinite low to run the traffic light for infinite time
  92   1          { 
  93   2           phase1();  //calling phase 1
  94   2           clear();   //calling clear function to set all the values of the variable to 0
  95   2           phase2();  //calling phase 2
  96   2           clear();   //calling clear function to set all the values of the variable to 0
  97   2           phase3();  //calling phase 3
  98   2           clear();   //calling clear function to set all the values of the variable to 0
  99   2           phase4();  //calling phase 4
 100   2           clear();   //calling clear function to set all the values of the variable to 0
 101   2          }  
 102   1      
 103   1      }


MODULE INFORMATION:   STATIC OVERLAYABLE
   CODE SIZE        =    149    ----
   CONSTANT SIZE    =   ----    ----
   XDATA SIZE       =   ----    ----
   PDATA SIZE       =   ----    ----
   DATA SIZE        =   ----    ----
   IDATA SIZE       =   ----    ----
   BIT SIZE         =   ----    ----
END OF MODULE INFORMATION.


C51 COMPILATION COMPLETE.  0 WARNING(S),  0 ERROR(S)
