C51 COMPILER V9.59.0.0   TRY                                                               09/22/2018 16:41:35 PAGE 1   


C51 COMPILER V9.59.0.0, COMPILATION OF MODULE TRY
OBJECT MODULE PLACED IN .\Objects\try.obj
COMPILER INVOKED BY: C:\Keil_v5\C51\BIN\C51.EXE try.c OPTIMIZE(8,SPEED) BROWSE DEBUG OBJECTEXTEND PRINT(.\Listings\try.l
                    -st) TABS(2) OBJECT(.\Objects\try.obj)

line level    source

   1          #inlcude<reg51.h>
*** WARNING C315 IN LINE 1 OF try.c: unknown #directive 'inlcude'
   2          void delay();
   3          void main()
   4          {
   5   1        unsigned char x=0x00;
   6   1        for(x=0x00;x<0x10;x++)
   7   1        {
   8   2          delay();
   9   2        }
  10   1      }
  11          
  12          void delay()
  13          {
  14   1        unsigned int i;
  15   1        for(i=0;i<10000;i++)
  16   1      }
*** ERROR C141 IN LINE 16 OF try.c: syntax error near '}', expected '__asm'

C51 COMPILATION COMPLETE.  1 WARNING(S),  1 ERROR(S)
